2023-05-18 11:05:297 INFO  HomePage :44 - Enter Job title[[ChromeDriver: chrome on WINDOWS (0a48abf4ba03139efcd08d3c2e8f4fef)] -> xpath: //input[@id='keywords']]
2023-05-18 11:05:516 INFO  HomePage :50 - Enter Location[[ChromeDriver: chrome on WINDOWS (0a48abf4ba03139efcd08d3c2e8f4fef)] -> xpath: //input[@id='location']]
2023-05-18 11:05:665 INFO  HomePage :55 - Select Distance[[ChromeDriver: chrome on WINDOWS (0a48abf4ba03139efcd08d3c2e8f4fef)] -> xpath: //select[@id='distance']]
2023-05-18 11:05:559 INFO  HomePage :44 - Enter Job title[[ChromeDriver: chrome on WINDOWS (7c86af35ef4e28d609ff3322b68ef9d3)] -> xpath: //input[@id='keywords']]
2023-05-18 11:05:746 INFO  HomePage :50 - Enter Location[[ChromeDriver: chrome on WINDOWS (7c86af35ef4e28d609ff3322b68ef9d3)] -> xpath: //input[@id='location']]
2023-05-18 11:05:877 INFO  HomePage :55 - Select Distance[[ChromeDriver: chrome on WINDOWS (7c86af35ef4e28d609ff3322b68ef9d3)] -> xpath: //select[@id='distance']]
2023-05-18 11:05:20 INFO  HomePage :61 - Click on more search options[[ChromeDriver: chrome on WINDOWS (7c86af35ef4e28d609ff3322b68ef9d3)] -> xpath: //button[@id='toggle-hp-search']]
2023-05-18 11:05:201 INFO  HomePage :66 - Enter Minimum salary[[ChromeDriver: chrome on WINDOWS (7c86af35ef4e28d609ff3322b68ef9d3)] -> xpath: //input[@id='salarymin']]
2023-05-18 11:05:364 INFO  HomePage :71 - Enter Maximum salary[[ChromeDriver: chrome on WINDOWS (7c86af35ef4e28d609ff3322b68ef9d3)] -> xpath: //input[@id='salarymax']]
2023-05-18 11:05:480 INFO  HomePage :76 - Select salary type from dropdown[[ChromeDriver: chrome on WINDOWS (7c86af35ef4e28d609ff3322b68ef9d3)] -> xpath: //select[@id='salarytype']]
2023-05-18 11:05:443 INFO  HomePage :44 - Enter Job title[[ChromeDriver: chrome on WINDOWS (ec66d3911f7015caccddc24778067612)] -> xpath: //input[@id='keywords']]
2023-05-18 11:05:650 INFO  HomePage :50 - Enter Location[[ChromeDriver: chrome on WINDOWS (ec66d3911f7015caccddc24778067612)] -> xpath: //input[@id='location']]
2023-05-18 11:05:769 INFO  HomePage :55 - Select Distance[[ChromeDriver: chrome on WINDOWS (ec66d3911f7015caccddc24778067612)] -> xpath: //select[@id='distance']]
2023-05-18 11:05:882 INFO  HomePage :61 - Click on more search options[[ChromeDriver: chrome on WINDOWS (ec66d3911f7015caccddc24778067612)] -> xpath: //button[@id='toggle-hp-search']]
2023-05-18 11:05:15 INFO  HomePage :66 - Enter Minimum salary[[ChromeDriver: chrome on WINDOWS (ec66d3911f7015caccddc24778067612)] -> xpath: //input[@id='salarymin']]
2023-05-18 11:05:154 INFO  HomePage :71 - Enter Maximum salary[[ChromeDriver: chrome on WINDOWS (ec66d3911f7015caccddc24778067612)] -> xpath: //input[@id='salarymax']]
2023-05-18 11:05:277 INFO  HomePage :76 - Select salary type from dropdown[[ChromeDriver: chrome on WINDOWS (ec66d3911f7015caccddc24778067612)] -> xpath: //select[@id='salarytype']]
2023-05-18 11:05:370 INFO  HomePage :44 - Enter Job title[[ChromeDriver: chrome on WINDOWS (691b1dbebf5a680a4514d7333b9e9c33)] -> xpath: //input[@id='keywords']]
2023-05-18 11:05:520 INFO  HomePage :50 - Enter Location[[ChromeDriver: chrome on WINDOWS (691b1dbebf5a680a4514d7333b9e9c33)] -> xpath: //input[@id='location']]
2023-05-18 11:05:641 INFO  HomePage :55 - Select Distance[[ChromeDriver: chrome on WINDOWS (691b1dbebf5a680a4514d7333b9e9c33)] -> xpath: //select[@id='distance']]
2023-05-18 11:05:762 INFO  HomePage :61 - Click on more search options[[ChromeDriver: chrome on WINDOWS (691b1dbebf5a680a4514d7333b9e9c33)] -> xpath: //button[@id='toggle-hp-search']]
2023-05-18 11:05:902 INFO  HomePage :66 - Enter Minimum salary[[ChromeDriver: chrome on WINDOWS (691b1dbebf5a680a4514d7333b9e9c33)] -> xpath: //input[@id='salarymin']]
2023-05-18 11:05:64 INFO  HomePage :71 - Enter Maximum salary[[ChromeDriver: chrome on WINDOWS (691b1dbebf5a680a4514d7333b9e9c33)] -> xpath: //input[@id='salarymax']]
2023-05-18 11:05:171 INFO  HomePage :76 - Select salary type from dropdown[[ChromeDriver: chrome on WINDOWS (691b1dbebf5a680a4514d7333b9e9c33)] -> xpath: //select[@id='salarytype']]
2023-05-18 11:05:849 INFO  HomePage :44 - Enter Job title[[ChromeDriver: chrome on WINDOWS (7b4ce5b12454df9d9ecd85fedd1101a5)] -> xpath: //input[@id='keywords']]
2023-05-18 11:05:33 INFO  HomePage :50 - Enter Location[[ChromeDriver: chrome on WINDOWS (7b4ce5b12454df9d9ecd85fedd1101a5)] -> xpath: //input[@id='location']]
2023-05-18 11:05:146 INFO  HomePage :55 - Select Distance[[ChromeDriver: chrome on WINDOWS (7b4ce5b12454df9d9ecd85fedd1101a5)] -> xpath: //select[@id='distance']]
2023-05-18 11:05:389 INFO  HomePage :61 - Click on more search options[[ChromeDriver: chrome on WINDOWS (7b4ce5b12454df9d9ecd85fedd1101a5)] -> xpath: //button[@id='toggle-hp-search']]
2023-05-18 11:05:648 INFO  HomePage :66 - Enter Minimum salary[[ChromeDriver: chrome on WINDOWS (7b4ce5b12454df9d9ecd85fedd1101a5)] -> xpath: //input[@id='salarymin']]
2023-05-18 11:05:804 INFO  HomePage :71 - Enter Maximum salary[[ChromeDriver: chrome on WINDOWS (7b4ce5b12454df9d9ecd85fedd1101a5)] -> xpath: //input[@id='salarymax']]
2023-05-18 11:05:901 INFO  HomePage :76 - Select salary type from dropdown[[ChromeDriver: chrome on WINDOWS (7b4ce5b12454df9d9ecd85fedd1101a5)] -> xpath: //select[@id='salarytype']]
2023-05-18 11:05:28 INFO  HomePage :81 - Select job type[[ChromeDriver: chrome on WINDOWS (7b4ce5b12454df9d9ecd85fedd1101a5)] -> xpath: //select[@id='tempperm']]
2023-05-18 11:05:135 INFO  HomePage :86 - Click on find jobs button[[ChromeDriver: chrome on WINDOWS (7b4ce5b12454df9d9ecd85fedd1101a5)] -> xpath: //input[@id='hp-search-btn']]
2023-05-18 11:05:238 INFO  ResultPage :23 - Verify the Result[[ChromeDriver: chrome on WINDOWS (7b4ce5b12454df9d9ecd85fedd1101a5)] -> xpath: //h1]
2023-05-18 11:05:325 INFO  HomePage :44 - Enter Job title[[ChromeDriver: chrome on WINDOWS (b0423a156b4b80ae4fbb084eb951f47c)] -> xpath: //input[@id='keywords']]
2023-05-18 11:05:559 INFO  HomePage :50 - Enter Location[[ChromeDriver: chrome on WINDOWS (b0423a156b4b80ae4fbb084eb951f47c)] -> xpath: //input[@id='location']]
2023-05-18 11:05:656 INFO  HomePage :55 - Select Distance[[ChromeDriver: chrome on WINDOWS (b0423a156b4b80ae4fbb084eb951f47c)] -> xpath: //select[@id='distance']]
2023-05-18 11:05:802 INFO  HomePage :61 - Click on more search options[[ChromeDriver: chrome on WINDOWS (b0423a156b4b80ae4fbb084eb951f47c)] -> xpath: //button[@id='toggle-hp-search']]
2023-05-18 11:05:973 INFO  HomePage :66 - Enter Minimum salary[[ChromeDriver: chrome on WINDOWS (b0423a156b4b80ae4fbb084eb951f47c)] -> xpath: //input[@id='salarymin']]
2023-05-18 11:05:125 INFO  HomePage :71 - Enter Maximum salary[[ChromeDriver: chrome on WINDOWS (b0423a156b4b80ae4fbb084eb951f47c)] -> xpath: //input[@id='salarymax']]
2023-05-18 11:05:248 INFO  HomePage :76 - Select salary type from dropdown[[ChromeDriver: chrome on WINDOWS (b0423a156b4b80ae4fbb084eb951f47c)] -> xpath: //select[@id='salarytype']]
2023-05-18 11:05:380 INFO  HomePage :81 - Select job type[[ChromeDriver: chrome on WINDOWS (b0423a156b4b80ae4fbb084eb951f47c)] -> xpath: //select[@id='tempperm']]
2023-05-18 11:05:492 INFO  HomePage :86 - Click on find jobs button[[ChromeDriver: chrome on WINDOWS (b0423a156b4b80ae4fbb084eb951f47c)] -> xpath: //input[@id='hp-search-btn']]
2023-05-18 11:05:382 INFO  ResultPage :23 - Verify the Result[[ChromeDriver: chrome on WINDOWS (b0423a156b4b80ae4fbb084eb951f47c)] -> xpath: //h1]
2023-05-19 09:05:161 INFO  HomePage :44 - Enter Job title[[ChromeDriver: chrome on WINDOWS (44f2a224f867fb70a712bf4bcdb7c452)] -> xpath: //input[@id='keywords']]
2023-05-19 09:05:332 INFO  HomePage :50 - Enter Location[[ChromeDriver: chrome on WINDOWS (44f2a224f867fb70a712bf4bcdb7c452)] -> xpath: //input[@id='location']]
2023-05-19 09:05:453 INFO  HomePage :55 - Select Distance[[ChromeDriver: chrome on WINDOWS (44f2a224f867fb70a712bf4bcdb7c452)] -> xpath: //select[@id='distance']]
2023-05-19 09:05:607 INFO  HomePage :61 - Click on more search options[[ChromeDriver: chrome on WINDOWS (44f2a224f867fb70a712bf4bcdb7c452)] -> xpath: //button[@id='toggle-hp-search']]
2023-05-19 09:05:792 INFO  HomePage :66 - Enter Minimum salary[[ChromeDriver: chrome on WINDOWS (44f2a224f867fb70a712bf4bcdb7c452)] -> xpath: //input[@id='salarymin']]
2023-05-19 09:05:997 INFO  HomePage :71 - Enter Maximum salary[[ChromeDriver: chrome on WINDOWS (44f2a224f867fb70a712bf4bcdb7c452)] -> xpath: //input[@id='salarymax']]
2023-05-19 09:05:114 INFO  HomePage :76 - Select salary type from dropdown[[ChromeDriver: chrome on WINDOWS (44f2a224f867fb70a712bf4bcdb7c452)] -> xpath: //select[@id='salarytype']]
2023-05-19 09:05:278 INFO  HomePage :81 - Select job type[[ChromeDriver: chrome on WINDOWS (44f2a224f867fb70a712bf4bcdb7c452)] -> xpath: //select[@id='tempperm']]
2023-05-19 09:05:401 INFO  HomePage :86 - Click on find jobs button[[ChromeDriver: chrome on WINDOWS (44f2a224f867fb70a712bf4bcdb7c452)] -> xpath: //input[@id='hp-search-btn']]
2023-05-19 09:05:141 INFO  ResultPage :23 - Verify the Result[[ChromeDriver: chrome on WINDOWS (44f2a224f867fb70a712bf4bcdb7c452)] -> xpath: //h1]
2023-05-19 09:05:239 INFO  HomePage :44 - Enter Job title[[ChromeDriver: chrome on WINDOWS (36a1fb3e1a289b79b27c788853772fb9)] -> xpath: //input[@id='keywords']]
2023-05-19 09:05:448 INFO  HomePage :50 - Enter Location[[ChromeDriver: chrome on WINDOWS (36a1fb3e1a289b79b27c788853772fb9)] -> xpath: //input[@id='location']]
2023-05-19 09:05:576 INFO  HomePage :55 - Select Distance[[ChromeDriver: chrome on WINDOWS (36a1fb3e1a289b79b27c788853772fb9)] -> xpath: //select[@id='distance']]
2023-05-19 09:05:710 INFO  HomePage :61 - Click on more search options[[ChromeDriver: chrome on WINDOWS (36a1fb3e1a289b79b27c788853772fb9)] -> xpath: //button[@id='toggle-hp-search']]
2023-05-19 09:05:939 INFO  HomePage :66 - Enter Minimum salary[[ChromeDriver: chrome on WINDOWS (36a1fb3e1a289b79b27c788853772fb9)] -> xpath: //input[@id='salarymin']]
2023-05-19 09:05:92 INFO  HomePage :71 - Enter Maximum salary[[ChromeDriver: chrome on WINDOWS (36a1fb3e1a289b79b27c788853772fb9)] -> xpath: //input[@id='salarymax']]
2023-05-19 09:05:214 INFO  HomePage :76 - Select salary type from dropdown[[ChromeDriver: chrome on WINDOWS (36a1fb3e1a289b79b27c788853772fb9)] -> xpath: //select[@id='salarytype']]
2023-05-19 09:05:357 INFO  HomePage :81 - Select job type[[ChromeDriver: chrome on WINDOWS (36a1fb3e1a289b79b27c788853772fb9)] -> xpath: //select[@id='tempperm']]
2023-05-19 09:05:490 INFO  HomePage :86 - Click on find jobs button[[ChromeDriver: chrome on WINDOWS (36a1fb3e1a289b79b27c788853772fb9)] -> xpath: //input[@id='hp-search-btn']]
2023-05-19 09:05:715 INFO  ResultPage :23 - Verify the Result[[ChromeDriver: chrome on WINDOWS (36a1fb3e1a289b79b27c788853772fb9)] -> xpath: //h1]
2023-05-19 09:05:385 INFO  HomePage :44 - Enter Job title[[ChromeDriver: chrome on WINDOWS (ae07e19e7f99b1fd4b91e39efb4ff545)] -> xpath: //input[@id='keywords']]
2023-05-19 09:05:569 INFO  HomePage :50 - Enter Location[[ChromeDriver: chrome on WINDOWS (ae07e19e7f99b1fd4b91e39efb4ff545)] -> xpath: //input[@id='location']]
2023-05-19 09:05:705 INFO  HomePage :55 - Select Distance[[ChromeDriver: chrome on WINDOWS (ae07e19e7f99b1fd4b91e39efb4ff545)] -> xpath: //select[@id='distance']]
2023-05-19 09:05:834 INFO  HomePage :61 - Click on more search options[[ChromeDriver: chrome on WINDOWS (ae07e19e7f99b1fd4b91e39efb4ff545)] -> xpath: //button[@id='toggle-hp-search']]
2023-05-19 09:05:57 INFO  HomePage :66 - Enter Minimum salary[[ChromeDriver: chrome on WINDOWS (ae07e19e7f99b1fd4b91e39efb4ff545)] -> xpath: //input[@id='salarymin']]
2023-05-19 09:05:226 INFO  HomePage :71 - Enter Maximum salary[[ChromeDriver: chrome on WINDOWS (ae07e19e7f99b1fd4b91e39efb4ff545)] -> xpath: //input[@id='salarymax']]
2023-05-19 09:05:352 INFO  HomePage :76 - Select salary type from dropdown[[ChromeDriver: chrome on WINDOWS (ae07e19e7f99b1fd4b91e39efb4ff545)] -> xpath: //select[@id='salarytype']]
2023-05-19 09:05:505 INFO  HomePage :81 - Select job type[[ChromeDriver: chrome on WINDOWS (ae07e19e7f99b1fd4b91e39efb4ff545)] -> xpath: //select[@id='tempperm']]
2023-05-19 09:05:638 INFO  HomePage :86 - Click on find jobs button[[ChromeDriver: chrome on WINDOWS (ae07e19e7f99b1fd4b91e39efb4ff545)] -> xpath: //input[@id='hp-search-btn']]
2023-05-19 09:05:547 INFO  ResultPage :23 - Verify the Result[[ChromeDriver: chrome on WINDOWS (ae07e19e7f99b1fd4b91e39efb4ff545)] -> xpath: //h1]
2023-05-19 10:05:263 INFO  HomePage :44 - Enter Job title[[ChromeDriver: chrome on WINDOWS (16f2489d547c7fa5f31f7ffbd69f1d69)] -> xpath: //input[@id='keywords']]
2023-05-19 10:05:628 INFO  HomePage :50 - Enter Location[[ChromeDriver: chrome on WINDOWS (16f2489d547c7fa5f31f7ffbd69f1d69)] -> xpath: //input[@id='location']]
2023-05-19 10:05:748 INFO  HomePage :55 - Select Distance[[ChromeDriver: chrome on WINDOWS (16f2489d547c7fa5f31f7ffbd69f1d69)] -> xpath: //select[@id='distance']]
2023-05-19 10:05:941 INFO  HomePage :61 - Click on more search options[[ChromeDriver: chrome on WINDOWS (16f2489d547c7fa5f31f7ffbd69f1d69)] -> xpath: //button[@id='toggle-hp-search']]
2023-05-19 10:05:178 INFO  HomePage :66 - Enter Minimum salary[[ChromeDriver: chrome on WINDOWS (16f2489d547c7fa5f31f7ffbd69f1d69)] -> xpath: //input[@id='salarymin']]
2023-05-19 10:05:373 INFO  HomePage :71 - Enter Maximum salary[[ChromeDriver: chrome on WINDOWS (16f2489d547c7fa5f31f7ffbd69f1d69)] -> xpath: //input[@id='salarymax']]
2023-05-19 10:05:526 INFO  HomePage :76 - Select salary type from dropdown[[ChromeDriver: chrome on WINDOWS (16f2489d547c7fa5f31f7ffbd69f1d69)] -> xpath: //select[@id='salarytype']]
2023-05-19 10:05:659 INFO  HomePage :81 - Select job type[[ChromeDriver: chrome on WINDOWS (16f2489d547c7fa5f31f7ffbd69f1d69)] -> xpath: //select[@id='tempperm']]
2023-05-19 10:05:795 INFO  HomePage :86 - Click on find jobs button[[ChromeDriver: chrome on WINDOWS (16f2489d547c7fa5f31f7ffbd69f1d69)] -> xpath: //input[@id='hp-search-btn']]
2023-05-19 10:05:161 INFO  ResultPage :23 - Verify the Result[[ChromeDriver: chrome on WINDOWS (16f2489d547c7fa5f31f7ffbd69f1d69)] -> xpath: //h1]
2023-05-19 10:05:608 INFO  HomePage :44 - Enter Job title[[ChromeDriver: chrome on WINDOWS (b7cb8872325c70da68eddc697cd433ca)] -> xpath: //input[@id='keywords']]
2023-05-19 10:05:982 INFO  HomePage :50 - Enter Location[[ChromeDriver: chrome on WINDOWS (b7cb8872325c70da68eddc697cd433ca)] -> xpath: //input[@id='location']]
2023-05-19 10:05:115 INFO  HomePage :55 - Select Distance[[ChromeDriver: chrome on WINDOWS (b7cb8872325c70da68eddc697cd433ca)] -> xpath: //select[@id='distance']]
2023-05-19 10:05:231 INFO  HomePage :61 - Click on more search options[[ChromeDriver: chrome on WINDOWS (b7cb8872325c70da68eddc697cd433ca)] -> xpath: //button[@id='toggle-hp-search']]
2023-05-19 10:05:326 INFO  HomePage :66 - Enter Minimum salary[[ChromeDriver: chrome on WINDOWS (b7cb8872325c70da68eddc697cd433ca)] -> xpath: //input[@id='salarymin']]
2023-05-19 10:05:602 INFO  HomePage :71 - Enter Maximum salary[[ChromeDriver: chrome on WINDOWS (b7cb8872325c70da68eddc697cd433ca)] -> xpath: //input[@id='salarymax']]
2023-05-19 10:05:736 INFO  HomePage :76 - Select salary type from dropdown[[ChromeDriver: chrome on WINDOWS (b7cb8872325c70da68eddc697cd433ca)] -> xpath: //select[@id='salarytype']]
2023-05-19 10:05:913 INFO  HomePage :81 - Select job type[[ChromeDriver: chrome on WINDOWS (b7cb8872325c70da68eddc697cd433ca)] -> xpath: //select[@id='tempperm']]
2023-05-19 10:05:26 INFO  HomePage :86 - Click on find jobs button[[ChromeDriver: chrome on WINDOWS (b7cb8872325c70da68eddc697cd433ca)] -> xpath: //input[@id='hp-search-btn']]
2023-05-19 10:05:568 INFO  ResultPage :23 - Verify the Result[[ChromeDriver: chrome on WINDOWS (b7cb8872325c70da68eddc697cd433ca)] -> xpath: //h1]
2023-05-19 10:05:05 INFO  HomePage :44 - Enter Job title[[ChromeDriver: chrome on WINDOWS (320661337304fff0ed8261a586fd1571)] -> xpath: //input[@id='keywords']]
2023-05-19 10:05:238 INFO  HomePage :50 - Enter Location[[ChromeDriver: chrome on WINDOWS (320661337304fff0ed8261a586fd1571)] -> xpath: //input[@id='location']]
2023-05-19 10:05:358 INFO  HomePage :55 - Select Distance[[ChromeDriver: chrome on WINDOWS (320661337304fff0ed8261a586fd1571)] -> xpath: //select[@id='distance']]
2023-05-19 10:05:509 INFO  HomePage :61 - Click on more search options[[ChromeDriver: chrome on WINDOWS (320661337304fff0ed8261a586fd1571)] -> xpath: //button[@id='toggle-hp-search']]
2023-05-19 10:05:725 INFO  HomePage :66 - Enter Minimum salary[[ChromeDriver: chrome on WINDOWS (320661337304fff0ed8261a586fd1571)] -> xpath: //input[@id='salarymin']]
2023-05-19 10:05:892 INFO  HomePage :71 - Enter Maximum salary[[ChromeDriver: chrome on WINDOWS (320661337304fff0ed8261a586fd1571)] -> xpath: //input[@id='salarymax']]
2023-05-19 10:05:30 INFO  HomePage :76 - Select salary type from dropdown[[ChromeDriver: chrome on WINDOWS (320661337304fff0ed8261a586fd1571)] -> xpath: //select[@id='salarytype']]
2023-05-19 10:05:162 INFO  HomePage :81 - Select job type[[ChromeDriver: chrome on WINDOWS (320661337304fff0ed8261a586fd1571)] -> xpath: //select[@id='tempperm']]
2023-05-19 10:05:294 INFO  HomePage :86 - Click on find jobs button[[ChromeDriver: chrome on WINDOWS (320661337304fff0ed8261a586fd1571)] -> xpath: //input[@id='hp-search-btn']]
2023-05-19 10:05:836 INFO  ResultPage :23 - Verify the Result[[ChromeDriver: chrome on WINDOWS (320661337304fff0ed8261a586fd1571)] -> xpath: //h1]
2023-05-19 10:05:966 INFO  HomePage :44 - Enter Job title[[ChromeDriver: chrome on WINDOWS (5f7100c294b9af9c37b77e50c538cb34)] -> xpath: //input[@id='keywords']]
2023-05-19 10:05:146 INFO  HomePage :50 - Enter Location[[ChromeDriver: chrome on WINDOWS (5f7100c294b9af9c37b77e50c538cb34)] -> xpath: //input[@id='location']]
2023-05-19 10:05:293 INFO  HomePage :55 - Select Distance[[ChromeDriver: chrome on WINDOWS (5f7100c294b9af9c37b77e50c538cb34)] -> xpath: //select[@id='distance']]
2023-05-19 10:05:468 INFO  HomePage :61 - Click on more search options[[ChromeDriver: chrome on WINDOWS (5f7100c294b9af9c37b77e50c538cb34)] -> xpath: //button[@id='toggle-hp-search']]
2023-05-19 10:05:611 INFO  HomePage :66 - Enter Minimum salary[[ChromeDriver: chrome on WINDOWS (5f7100c294b9af9c37b77e50c538cb34)] -> xpath: //input[@id='salarymin']]
2023-05-19 10:05:795 INFO  HomePage :71 - Enter Maximum salary[[ChromeDriver: chrome on WINDOWS (5f7100c294b9af9c37b77e50c538cb34)] -> xpath: //input[@id='salarymax']]
2023-05-19 10:05:924 INFO  HomePage :76 - Select salary type from dropdown[[ChromeDriver: chrome on WINDOWS (5f7100c294b9af9c37b77e50c538cb34)] -> xpath: //select[@id='salarytype']]
2023-05-19 10:05:84 INFO  HomePage :81 - Select job type[[ChromeDriver: chrome on WINDOWS (5f7100c294b9af9c37b77e50c538cb34)] -> xpath: //select[@id='tempperm']]
2023-05-19 10:05:189 INFO  HomePage :86 - Click on find jobs button[[ChromeDriver: chrome on WINDOWS (5f7100c294b9af9c37b77e50c538cb34)] -> xpath: //input[@id='hp-search-btn']]
2023-05-19 10:05:542 INFO  ResultPage :23 - Verify the Result[[ChromeDriver: chrome on WINDOWS (5f7100c294b9af9c37b77e50c538cb34)] -> xpath: //h1]
2023-05-19 10:05:740 INFO  HomePage :44 - Enter Job title[[ChromeDriver: chrome on WINDOWS (7e625e41a195285f82de3064ade7e522)] -> xpath: //input[@id='keywords']]
2023-05-19 10:05:959 INFO  HomePage :50 - Enter Location[[ChromeDriver: chrome on WINDOWS (7e625e41a195285f82de3064ade7e522)] -> xpath: //input[@id='location']]
2023-05-19 10:05:105 INFO  HomePage :55 - Select Distance[[ChromeDriver: chrome on WINDOWS (7e625e41a195285f82de3064ade7e522)] -> xpath: //select[@id='distance']]
2023-05-19 10:05:266 INFO  HomePage :61 - Click on more search options[[ChromeDriver: chrome on WINDOWS (7e625e41a195285f82de3064ade7e522)] -> xpath: //button[@id='toggle-hp-search']]
2023-05-19 10:05:388 INFO  HomePage :66 - Enter Minimum salary[[ChromeDriver: chrome on WINDOWS (7e625e41a195285f82de3064ade7e522)] -> xpath: //input[@id='salarymin']]
2023-05-19 10:05:645 INFO  HomePage :71 - Enter Maximum salary[[ChromeDriver: chrome on WINDOWS (7e625e41a195285f82de3064ade7e522)] -> xpath: //input[@id='salarymax']]
2023-05-19 10:05:764 INFO  HomePage :76 - Select salary type from dropdown[[ChromeDriver: chrome on WINDOWS (7e625e41a195285f82de3064ade7e522)] -> xpath: //select[@id='salarytype']]
2023-05-19 10:05:910 INFO  HomePage :81 - Select job type[[ChromeDriver: chrome on WINDOWS (7e625e41a195285f82de3064ade7e522)] -> xpath: //select[@id='tempperm']]
2023-05-19 10:05:51 INFO  HomePage :86 - Click on find jobs button[[ChromeDriver: chrome on WINDOWS (7e625e41a195285f82de3064ade7e522)] -> xpath: //input[@id='hp-search-btn']]
2023-05-19 10:05:814 INFO  ResultPage :23 - Verify the Result[[ChromeDriver: chrome on WINDOWS (7e625e41a195285f82de3064ade7e522)] -> xpath: //h1]
2023-05-19 10:05:353 INFO  HomePage :44 - Enter Job title[[ChromeDriver: chrome on WINDOWS (f99edc9a351d4fc6a1e3becf85e94c35)] -> xpath: //input[@id='keywords']]
2023-05-19 10:05:519 INFO  HomePage :50 - Enter Location[[ChromeDriver: chrome on WINDOWS (f99edc9a351d4fc6a1e3becf85e94c35)] -> xpath: //input[@id='location']]
2023-05-19 10:05:669 INFO  HomePage :55 - Select Distance[[ChromeDriver: chrome on WINDOWS (f99edc9a351d4fc6a1e3becf85e94c35)] -> xpath: //select[@id='distance']]
2023-05-19 10:05:840 INFO  HomePage :61 - Click on more search options[[ChromeDriver: chrome on WINDOWS (f99edc9a351d4fc6a1e3becf85e94c35)] -> xpath: //button[@id='toggle-hp-search']]
2023-05-19 10:05:39 INFO  HomePage :66 - Enter Minimum salary[[ChromeDriver: chrome on WINDOWS (f99edc9a351d4fc6a1e3becf85e94c35)] -> xpath: //input[@id='salarymin']]
2023-05-19 10:05:214 INFO  HomePage :71 - Enter Maximum salary[[ChromeDriver: chrome on WINDOWS (f99edc9a351d4fc6a1e3becf85e94c35)] -> xpath: //input[@id='salarymax']]
2023-05-19 10:05:364 INFO  HomePage :76 - Select salary type from dropdown[[ChromeDriver: chrome on WINDOWS (f99edc9a351d4fc6a1e3becf85e94c35)] -> xpath: //select[@id='salarytype']]
2023-05-19 10:05:492 INFO  HomePage :81 - Select job type[[ChromeDriver: chrome on WINDOWS (f99edc9a351d4fc6a1e3becf85e94c35)] -> xpath: //select[@id='tempperm']]
2023-05-19 10:05:605 INFO  HomePage :86 - Click on find jobs button[[ChromeDriver: chrome on WINDOWS (f99edc9a351d4fc6a1e3becf85e94c35)] -> xpath: //input[@id='hp-search-btn']]
2023-05-19 10:05:24 INFO  ResultPage :23 - Verify the Result[[ChromeDriver: chrome on WINDOWS (f99edc9a351d4fc6a1e3becf85e94c35)] -> xpath: //h1]
